app/build/intermediates/manifest_merge_blame_file/debug/manifest-merger-blame-debug-report.txt
1<?xml version="1.0" encoding="utf-8"?>
2<manifest xmlns:android="http://schemas.android.com/apk/res/android"
3    package="com.oreo.DogMate"
4    android:versionCode="1"
5    android:versionName="1.0" >
6
7    <uses-sdk
8        android:minSdkVersion="22"
8-->src/main/AndroidManifest.xml
9        android:targetSdkVersion="29" />
9-->src/main/AndroidManifest.xml
10
11    <uses-permission android:name="android.permission.INTERNET" />
11-->src/main/AndroidManifest.xml:5:5-67
11-->src/main/AndroidManifest.xml:5:22-64
12    <uses-permission android:name="android.permission.ACCESS_NETWORK_STATE" />
12-->[com.google.firebase:firebase-auth:20.0.1] AndroidManifest.xml:24:5-79
12-->[com.google.firebase:firebase-auth:20.0.1] AndroidManifest.xml:24:22-76
13    <uses-permission android:name="android.permission.WAKE_LOCK" />
13-->[com.google.android.gms:play-services-measurement:18.0.0] AndroidManifest.xml:25:5-68
13-->[com.google.android.gms:play-services-measurement:18.0.0] AndroidManifest.xml:25:22-65
14    <uses-permission android:name="com.google.android.finsky.permission.BIND_GET_INSTALL_REFERRER_SERVICE" />
14-->[com.google.android.gms:play-services-measurement:18.0.0] AndroidManifest.xml:26:5-110
14-->[com.google.android.gms:play-services-measurement:18.0.0] AndroidManifest.xml:26:22-107
15
16    <application
16-->src/main/AndroidManifest.xml:7:5-65:19
17        android:allowBackup="true"
17-->src/main/AndroidManifest.xml:8:9-35
18        android:appComponentFactory="androidx.core.app.CoreComponentFactory"
18-->[androidx.core:core:1.0.1] AndroidManifest.xml:22:18-86
19        android:debuggable="true"
20        android:icon="@drawable/adopter_favorites"
20-->src/main/AndroidManifest.xml:9:9-51
21        android:label="@string/app_name"
21-->src/main/AndroidManifest.xml:10:9-41
22        android:roundIcon="@drawable/bacground"
22-->src/main/AndroidManifest.xml:11:9-48
23        android:supportsRtl="true"
23-->src/main/AndroidManifest.xml:12:9-35
24        android:testOnly="true"
25        android:theme="@style/AppTheme" >
25-->src/main/AndroidManifest.xml:13:9-40
26        <activity android:name="com.oreo.DogMate.adopterSideActivities.mySearchDogActivity" />
26-->src/main/AndroidManifest.xml:14:9-88
26-->src/main/AndroidManifest.xml:14:19-76
27        <activity
27-->src/main/AndroidManifest.xml:15:9-17:59
28            android:name="com.oreo.DogMate.adopterSideActivities.SearchMainMenu"
28-->src/main/AndroidManifest.xml:16:13-65
29            android:theme="@style/AppTheme.NoActionBar" />
29-->src/main/AndroidManifest.xml:17:13-56
30        <activity
30-->src/main/AndroidManifest.xml:18:9-20:59
31            android:name="com.oreo.DogMate.adopterSideActivities.searchDogActivity"
31-->src/main/AndroidManifest.xml:19:13-68
32            android:theme="@style/AppTheme.NoActionBar" />
32-->src/main/AndroidManifest.xml:20:13-56
33        <activity
33-->src/main/AndroidManifest.xml:21:9-23:59
34            android:name="com.oreo.DogMate.adopterSideActivities.adopter_settings"
34-->src/main/AndroidManifest.xml:22:13-67
35            android:theme="@style/AppTheme.NoActionBar" />
35-->src/main/AndroidManifest.xml:23:13-56
36        <activity android:name="com.oreo.DogMate.advertiserSideActivities.advertiserSettingsActivity" />
36-->src/main/AndroidManifest.xml:24:9-89
36-->src/main/AndroidManifest.xml:24:19-86
37        <activity android:name="com.oreo.DogMate.Navigation.Adopter_Navigation" />
37-->src/main/AndroidManifest.xml:25:9-67
37-->src/main/AndroidManifest.xml:25:19-64
38        <activity android:name="com.oreo.DogMate.Navigation.Advertiser_Navigation" />
38-->src/main/AndroidManifest.xml:26:9-70
38-->src/main/AndroidManifest.xml:26:19-67
39        <activity
39-->src/main/AndroidManifest.xml:27:9-29:59
40            android:name="com.oreo.DogMate.adopterSideActivities.dogWatchActivityAdopter"
40-->src/main/AndroidManifest.xml:28:13-74
41            android:theme="@style/AppTheme.NoActionBar" />
41-->src/main/AndroidManifest.xml:29:13-56
42        <activity android:name="com.oreo.DogMate.advertiserSideActivities.WatchDogAdvertiserActivity" />
42-->src/main/AndroidManifest.xml:30:9-89
42-->src/main/AndroidManifest.xml:30:19-86
43        <activity android:name="com.oreo.DogMate.advertiserSideActivities.addDogPicturesActivity" />
43-->src/main/AndroidManifest.xml:31:9-85
43-->src/main/AndroidManifest.xml:31:19-82
44        <activity
44-->src/main/AndroidManifest.xml:32:9-34:59
45            android:name="com.oreo.DogMate.adopterSideActivities.AdopterOrderActivity"
45-->src/main/AndroidManifest.xml:33:13-71
46            android:theme="@style/AppTheme.NoActionBar" />
46-->src/main/AndroidManifest.xml:34:13-56
47        <activity
47-->src/main/AndroidManifest.xml:35:9-37:59
48            android:name="com.oreo.DogMate.adopterSideActivities.AdoptDogActivity"
48-->src/main/AndroidManifest.xml:36:13-67
49            android:theme="@style/AppTheme.NoActionBar" />
49-->src/main/AndroidManifest.xml:37:13-56
50        <activity
50-->src/main/AndroidManifest.xml:38:9-40:59
51            android:name="com.oreo.DogMate.adopterSideActivities.AdopterMenuActivity"
51-->src/main/AndroidManifest.xml:39:13-70
52            android:theme="@style/AppTheme.NoActionBar" />
52-->src/main/AndroidManifest.xml:40:13-56
53        <activity android:name="com.oreo.DogMate.advertiserSideActivities.advertiserOrderActivity" />
53-->src/main/AndroidManifest.xml:41:9-86
53-->src/main/AndroidManifest.xml:41:19-83
54        <activity
54-->src/main/AndroidManifest.xml:42:9-44:59
55            android:name="com.oreo.DogMate.adopterSideActivities.Favorites"
55-->src/main/AndroidManifest.xml:43:13-60
56            android:theme="@style/AppTheme.NoActionBar" />
56-->src/main/AndroidManifest.xml:44:13-56
57        <activity android:name="com.oreo.DogMate.advertiserSideActivities.AddDogActivity" />
57-->src/main/AndroidManifest.xml:45:9-77
57-->src/main/AndroidManifest.xml:45:19-74
58        <activity android:name="com.oreo.DogMate.Navigation.Register" />
58-->src/main/AndroidManifest.xml:46:9-57
58-->src/main/AndroidManifest.xml:46:19-54
59        <activity
59-->src/main/AndroidManifest.xml:47:9-49:59
60            android:name="com.oreo.DogMate.adopterSideActivities.SearchAdvertiserActivity"
60-->src/main/AndroidManifest.xml:48:13-75
61            android:theme="@style/AppTheme.NoActionBar" />
61-->src/main/AndroidManifest.xml:49:13-56
62        <activity android:name="com.oreo.DogMate.advertiserSideActivities.advertiserMenuActivity" />
62-->src/main/AndroidManifest.xml:50:9-85
62-->src/main/AndroidManifest.xml:50:19-82
63        <activity
63-->src/main/AndroidManifest.xml:51:9-53:59
64            android:name="com.oreo.DogMate.advertiserSideActivities.advertiserScreenActivity"
64-->src/main/AndroidManifest.xml:52:13-78
65            android:theme="@style/AppTheme.NoActionBar" />
65-->src/main/AndroidManifest.xml:53:13-56
66        <activity android:name="com.oreo.DogMate.Navigation.Login" />
66-->src/main/AndroidManifest.xml:54:9-54
66-->src/main/AndroidManifest.xml:54:19-51
67        <activity
67-->src/main/AndroidManifest.xml:55:9-57:59
68            android:name="com.oreo.DogMate.adopterSideActivities.adopterScreen"
68-->src/main/AndroidManifest.xml:56:13-64
69            android:theme="@style/AppTheme.NoActionBar" />
69-->src/main/AndroidManifest.xml:57:13-56
70        <activity android:name="com.oreo.DogMate.Navigation.MainActivity" >
70-->src/main/AndroidManifest.xml:58:9-64:20
70-->src/main/AndroidManifest.xml:58:19-58
71            <intent-filter>
71-->src/main/AndroidManifest.xml:59:13-63:29
72                <action android:name="android.intent.action.MAIN" />
72-->src/main/AndroidManifest.xml:60:17-69
72-->src/main/AndroidManifest.xml:60:25-66
73
74                <category android:name="android.intent.category.LAUNCHER" />
74-->src/main/AndroidManifest.xml:62:17-77
74-->src/main/AndroidManifest.xml:62:27-74
75            </intent-filter>
76        </activity>
77        <activity
77-->[com.google.firebase:firebase-auth:20.0.1] AndroidManifest.xml:27:9-44:20
78            android:name="com.google.firebase.auth.internal.GenericIdpActivity"
78-->[com.google.firebase:firebase-auth:20.0.1] AndroidManifest.xml:28:13-80
79            android:excludeFromRecents="true"
79-->[com.google.firebase:firebase-auth:20.0.1] AndroidManifest.xml:29:13-46
80            android:exported="true"
80-->[com.google.firebase:firebase-auth:20.0.1] AndroidManifest.xml:30:13-36
81            android:launchMode="singleTask"
81-->[com.google.firebase:firebase-auth:20.0.1] AndroidManifest.xml:31:13-44
82            android:theme="@android:style/Theme.Translucent.NoTitleBar" >
82-->[com.google.firebase:firebase-auth:20.0.1] AndroidManifest.xml:32:13-72
83            <intent-filter>
83-->[com.google.firebase:firebase-auth:20.0.1] AndroidManifest.xml:33:13-43:29
84                <action android:name="android.intent.action.VIEW" />
84-->[com.google.firebase:firebase-auth:20.0.1] AndroidManifest.xml:34:17-69
84-->[com.google.firebase:firebase-auth:20.0.1] AndroidManifest.xml:34:25-66
85
86                <category android:name="android.intent.category.DEFAULT" />
86-->[com.google.firebase:firebase-auth:20.0.1] AndroidManifest.xml:36:17-76
86-->[com.google.firebase:firebase-auth:20.0.1] AndroidManifest.xml:36:27-73
87                <category android:name="android.intent.category.BROWSABLE" />
87-->[com.google.firebase:firebase-auth:20.0.1] AndroidManifest.xml:37:17-78
87-->[com.google.firebase:firebase-auth:20.0.1] AndroidManifest.xml:37:27-75
88
89                <data
89-->[com.google.firebase:firebase-auth:20.0.1] AndroidManifest.xml:39:17-42:51
90                    android:host="firebase.auth"
90-->[com.google.firebase:firebase-auth:20.0.1] AndroidManifest.xml:40:21-49
91                    android:path="/"
91-->[com.google.firebase:firebase-auth:20.0.1] AndroidManifest.xml:41:21-37
92                    android:scheme="genericidp" />
92-->[com.google.firebase:firebase-auth:20.0.1] AndroidManifest.xml:42:21-48
93            </intent-filter>
94        </activity>
95        <activity
95-->[com.google.firebase:firebase-auth:20.0.1] AndroidManifest.xml:45:9-62:20
96            android:name="com.google.firebase.auth.internal.RecaptchaActivity"
96-->[com.google.firebase:firebase-auth:20.0.1] AndroidManifest.xml:46:13-79
97            android:excludeFromRecents="true"
97-->[com.google.firebase:firebase-auth:20.0.1] AndroidManifest.xml:47:13-46
98            android:exported="true"
98-->[com.google.firebase:firebase-auth:20.0.1] AndroidManifest.xml:48:13-36
99            android:launchMode="singleTask"
99-->[com.google.firebase:firebase-auth:20.0.1] AndroidManifest.xml:49:13-44
100            android:theme="@android:style/Theme.Translucent.NoTitleBar" >
100-->[com.google.firebase:firebase-auth:20.0.1] AndroidManifest.xml:50:13-72
101            <intent-filter>
101-->[com.google.firebase:firebase-auth:20.0.1] AndroidManifest.xml:51:13-61:29
102                <action android:name="android.intent.action.VIEW" />
102-->[com.google.firebase:firebase-auth:20.0.1] AndroidManifest.xml:34:17-69
102-->[com.google.firebase:firebase-auth:20.0.1] AndroidManifest.xml:34:25-66
103
104                <category android:name="android.intent.category.DEFAULT" />
104-->[com.google.firebase:firebase-auth:20.0.1] AndroidManifest.xml:36:17-76
104-->[com.google.firebase:firebase-auth:20.0.1] AndroidManifest.xml:36:27-73
105                <category android:name="android.intent.category.BROWSABLE" />
105-->[com.google.firebase:firebase-auth:20.0.1] AndroidManifest.xml:37:17-78
105-->[com.google.firebase:firebase-auth:20.0.1] AndroidManifest.xml:37:27-75
106
107                <data
107-->[com.google.firebase:firebase-auth:20.0.1] AndroidManifest.xml:39:17-42:51
108                    android:host="firebase.auth"
108-->[com.google.firebase:firebase-auth:20.0.1] AndroidManifest.xml:40:21-49
109                    android:path="/"
109-->[com.google.firebase:firebase-auth:20.0.1] AndroidManifest.xml:41:21-37
110                    android:scheme="recaptcha" />
110-->[com.google.firebase:firebase-auth:20.0.1] AndroidManifest.xml:42:21-48
111            </intent-filter>
112        </activity>
113
114        <service
114-->[com.google.firebase:firebase-auth:20.0.1] AndroidManifest.xml:64:9-73:19
115            android:name="com.google.firebase.auth.api.fallback.service.FirebaseAuthFallbackService"
115-->[com.google.firebase:firebase-auth:20.0.1] AndroidManifest.xml:65:13-101
116            android:enabled="true"
116-->[com.google.firebase:firebase-auth:20.0.1] AndroidManifest.xml:66:13-35
117            android:exported="false" >
117-->[com.google.firebase:firebase-auth:20.0.1] AndroidManifest.xml:67:13-37
118            <intent-filter>
118-->[com.google.firebase:firebase-auth:20.0.1] AndroidManifest.xml:68:13-72:29
119                <action android:name="com.google.firebase.auth.api.gms.service.START" />
119-->[com.google.firebase:firebase-auth:20.0.1] AndroidManifest.xml:69:17-89
119-->[com.google.firebase:firebase-auth:20.0.1] AndroidManifest.xml:69:25-86
120
121                <category android:name="android.intent.category.DEFAULT" />
121-->[com.google.firebase:firebase-auth:20.0.1] AndroidManifest.xml:36:17-76
121-->[com.google.firebase:firebase-auth:20.0.1] AndroidManifest.xml:36:27-73
122            </intent-filter>
123        </service>
124        <service
124-->[com.google.firebase:firebase-auth:20.0.1] AndroidManifest.xml:74:9-80:19
125            android:name="com.google.firebase.components.ComponentDiscoveryService"
125-->[com.google.firebase:firebase-auth:20.0.1] AndroidManifest.xml:75:13-84
126            android:directBootAware="true"
126-->[com.google.firebase:firebase-common:19.4.0] AndroidManifest.xml:35:13-43
127            android:exported="false" >
127-->[com.google.firebase:firebase-auth:20.0.1] AndroidManifest.xml:76:13-37
128            <meta-data
128-->[com.google.firebase:firebase-auth:20.0.1] AndroidManifest.xml:77:13-79:85
129                android:name="com.google.firebase.components:com.google.firebase.auth.FirebaseAuthRegistrar"
129-->[com.google.firebase:firebase-auth:20.0.1] AndroidManifest.xml:78:17-109
130                android:value="com.google.firebase.components.ComponentRegistrar" />
130-->[com.google.firebase:firebase-auth:20.0.1] AndroidManifest.xml:79:17-82
131            <meta-data
131-->[com.google.firebase:firebase-storage:19.2.0] AndroidManifest.xml:33:13-35:85
132                android:name="com.google.firebase.components:com.google.firebase.storage.StorageRegistrar"
132-->[com.google.firebase:firebase-storage:19.2.0] AndroidManifest.xml:34:17-107
133                android:value="com.google.firebase.components.ComponentRegistrar" />
133-->[com.google.firebase:firebase-storage:19.2.0] AndroidManifest.xml:35:17-82
134            <meta-data
134-->[com.google.firebase:firebase-database:19.5.1] AndroidManifest.xml:32:13-34:85
135                android:name="com.google.firebase.components:com.google.firebase.database.DatabaseRegistrar"
135-->[com.google.firebase:firebase-database:19.5.1] AndroidManifest.xml:33:17-109
136                android:value="com.google.firebase.components.ComponentRegistrar" />
136-->[com.google.firebase:firebase-database:19.5.1] AndroidManifest.xml:34:17-82
137            <meta-data
137-->[com.google.android.gms:play-services-measurement-api:18.0.0] AndroidManifest.xml:30:13-32:85
138                android:name="com.google.firebase.components:com.google.firebase.analytics.connector.internal.AnalyticsConnectorRegistrar"
138-->[com.google.android.gms:play-services-measurement-api:18.0.0] AndroidManifest.xml:31:17-139
139                android:value="com.google.firebase.components.ComponentRegistrar" />
139-->[com.google.android.gms:play-services-measurement-api:18.0.0] AndroidManifest.xml:32:17-82
140            <meta-data
140-->[com.google.firebase:firebase-installations:16.3.4] AndroidManifest.xml:18:13-20:85
141                android:name="com.google.firebase.components:com.google.firebase.installations.FirebaseInstallationsRegistrar"
141-->[com.google.firebase:firebase-installations:16.3.4] AndroidManifest.xml:19:17-127
142                android:value="com.google.firebase.components.ComponentRegistrar" />
142-->[com.google.firebase:firebase-installations:16.3.4] AndroidManifest.xml:20:17-82
143        </service>
144
145        <activity
145-->[com.google.android.gms:play-services-base:17.1.0] AndroidManifest.xml:23:9-26:75
146            android:name="com.google.android.gms.common.api.GoogleApiActivity"
146-->[com.google.android.gms:play-services-base:17.1.0] AndroidManifest.xml:24:13-79
147            android:exported="false"
147-->[com.google.android.gms:play-services-base:17.1.0] AndroidManifest.xml:25:13-37
148            android:theme="@android:style/Theme.Translucent.NoTitleBar" />
148-->[com.google.android.gms:play-services-base:17.1.0] AndroidManifest.xml:26:13-72
149
150        <receiver
150-->[com.google.android.gms:play-services-measurement:18.0.0] AndroidManifest.xml:29:9-33:20
151            android:name="com.google.android.gms.measurement.AppMeasurementReceiver"
151-->[com.google.android.gms:play-services-measurement:18.0.0] AndroidManifest.xml:30:13-85
152            android:enabled="true"
152-->[com.google.android.gms:play-services-measurement:18.0.0] AndroidManifest.xml:31:13-35
153            android:exported="false" >
153-->[com.google.android.gms:play-services-measurement:18.0.0] AndroidManifest.xml:32:13-37
154        </receiver>
155
156        <service
156-->[com.google.android.gms:play-services-measurement:18.0.0] AndroidManifest.xml:35:9-38:40
157            android:name="com.google.android.gms.measurement.AppMeasurementService"
157-->[com.google.android.gms:play-services-measurement:18.0.0] AndroidManifest.xml:36:13-84
158            android:enabled="true"
158-->[com.google.android.gms:play-services-measurement:18.0.0] AndroidManifest.xml:37:13-35
159            android:exported="false" />
159-->[com.google.android.gms:play-services-measurement:18.0.0] AndroidManifest.xml:38:13-37
160        <service
160-->[com.google.android.gms:play-services-measurement:18.0.0] AndroidManifest.xml:39:9-43:72
161            android:name="com.google.android.gms.measurement.AppMeasurementJobService"
161-->[com.google.android.gms:play-services-measurement:18.0.0] AndroidManifest.xml:40:13-87
162            android:enabled="true"
162-->[com.google.android.gms:play-services-measurement:18.0.0] AndroidManifest.xml:41:13-35
163            android:exported="false"
163-->[com.google.android.gms:play-services-measurement:18.0.0] AndroidManifest.xml:42:13-37
164            android:permission="android.permission.BIND_JOB_SERVICE" />
164-->[com.google.android.gms:play-services-measurement:18.0.0] AndroidManifest.xml:43:13-69
165
166        <provider
166-->[com.google.firebase:firebase-common:19.4.0] AndroidManifest.xml:26:9-31:39
167            android:name="com.google.firebase.provider.FirebaseInitProvider"
167-->[com.google.firebase:firebase-common:19.4.0] AndroidManifest.xml:27:13-77
168            android:authorities="com.oreo.DogMate.firebaseinitprovider"
168-->[com.google.firebase:firebase-common:19.4.0] AndroidManifest.xml:28:13-72
169            android:directBootAware="true"
169-->[com.google.firebase:firebase-common:19.4.0] AndroidManifest.xml:29:13-43
170            android:exported="false"
170-->[com.google.firebase:firebase-common:19.4.0] AndroidManifest.xml:30:13-37
171            android:initOrder="100" />
171-->[com.google.firebase:firebase-common:19.4.0] AndroidManifest.xml:31:13-36
172
173        <meta-data
173-->[com.google.android.gms:play-services-basement:17.1.0] AndroidManifest.xml:23:9-25:69
174            android:name="com.google.android.gms.version"
174-->[com.google.android.gms:play-services-basement:17.1.0] AndroidManifest.xml:24:13-58
175            android:value="@integer/google_play_services_version" />
175-->[com.google.android.gms:play-services-basement:17.1.0] AndroidManifest.xml:25:13-66
176
177        <provider
177-->[androidx.lifecycle:lifecycle-process:2.0.0] AndroidManifest.xml:23:9-27:43
178            android:name="androidx.lifecycle.ProcessLifecycleOwnerInitializer"
178-->[androidx.lifecycle:lifecycle-process:2.0.0] AndroidManifest.xml:24:13-79
179            android:authorities="com.oreo.DogMate.lifecycle-process"
179-->[androidx.lifecycle:lifecycle-process:2.0.0] AndroidManifest.xml:25:13-69
180            android:exported="false"
180-->[androidx.lifecycle:lifecycle-process:2.0.0] AndroidManifest.xml:26:13-37
181            android:multiprocess="true" />
181-->[androidx.lifecycle:lifecycle-process:2.0.0] AndroidManifest.xml:27:13-40
182    </application>
183
184</manifest>